\BOOKMARK [0][-]{chapter*.2}{DAFTAR GAMBAR}{}% 1
\BOOKMARK [0][-]{chapter*.3}{DAFTAR TABEL}{}% 2
\BOOKMARK [0][-]{chapter.1}{PENDAHULUAN}{}% 3
\BOOKMARK [1][-]{section.1.1}{Latar Belakang}{chapter.1}% 4
\BOOKMARK [1][-]{section.1.2}{Perumusan Masalah}{chapter.1}% 5
\BOOKMARK [1][-]{section.1.3}{Tujuan}{chapter.1}% 6
\BOOKMARK [1][-]{section.1.4}{Metodologi Penelitian}{chapter.1}% 7
\BOOKMARK [0][-]{chapter.2}{TINJAUAN PUSTAKA}{}% 8
\BOOKMARK [1][-]{section.2.1}{Android}{chapter.2}% 9
\BOOKMARK [2][-]{subsection.2.1.1}{Sejarah Android}{section.2.1}% 10
\BOOKMARK [2][-]{subsection.2.1.2}{Penggunaan Android}{section.2.1}% 11
\BOOKMARK [1][-]{section.2.2}{PHP}{chapter.2}% 12
\BOOKMARK [1][-]{section.2.3}{MySQL}{chapter.2}% 13
\BOOKMARK [1][-]{section.2.4}{Web Server dan Web Service}{chapter.2}% 14
\BOOKMARK [0][-]{chapter.3}{PEMBAHASAN}{}% 15
\BOOKMARK [0][-]{chapter.4}{IMPLEMENTASI DAN PENGUJIAN}{}% 16
\BOOKMARK [1][-]{section.4.1}{Implementasi}{chapter.4}% 17
\BOOKMARK [1][-]{section.4.2}{Pengujian}{chapter.4}% 18
\BOOKMARK [2][-]{subsection.4.2.1}{Pengujian Blackbox}{section.4.2}% 19
\BOOKMARK [2][-]{subsection.4.2.2}{Pengujian Integrasi Sistem}{section.4.2}% 20
\BOOKMARK [0][-]{chapter.5}{PENUTUP}{}% 21
\BOOKMARK [1][-]{section.5.1}{Kesimpulan}{chapter.5}% 22
\BOOKMARK [1][-]{section.5.2}{Saran}{chapter.5}% 23
\BOOKMARK [0][-]{chapter*.4}{LAMPIRAN}{}% 24
\BOOKMARK [1][-]{section.6.3}{Hasil Pengujian Blackbox}{chapter*.4}% 25
\BOOKMARK [0][-]{chapter*.5}{DAFTAR PUSTAKA}{}% 26
